<?xml version="1.0" encoding="UTF-8"?>
<!-- Generated by org.testng.reporters.JUnitReportReporter -->
<testsuite skipped="1" hostname="LAPTOP-I3ABMITL" name="testNG.SampleTestCase" tests="5" failures="0" timestamp="2021-04-04T00:34:53 CEST" time="0.011" errors="0">
  <testcase name="startTheCar" time="0.009" classname="testNG.SampleTestCase"/>
  <system-out/>
  <testcase name="putFirstGear" time="0.001" classname="testNG.SampleTestCase"/>
  <system-out/>
  <testcase name="putSecondGear" time="0.001" classname="testNG.SampleTestCase"/>
  <system-out/>
  <testcase name="putThirdGear" time="0.000" classname="testNG.SampleTestCase"/>
  <system-out/>
  <testcase name="turnTheMusicOn" classname="testNG.SampleTestCase">
    <skipped/>
  </testcase> <!-- turnTheMusicOn -->
  <system-out/>
</testsuite> <!-- testNG.SampleTestCase -->
