<?xml version="1.0" encoding="UTF-8"?>
<!-- Generated by org.testng.reporters.JUnitReportReporter -->
<testsuite skipped="0" hostname="LAPTOP-I3ABMITL" name="testNG.AssertionsExample" tests="1" failures="0" timestamp="2021-04-08T18:55:25 CEST" time="0.007" errors="0">
  <testcase name="checkEqual" time="0.007" classname="testNG.AssertionsExample"/>
  <system-out/>
</testsuite> <!-- testNG.AssertionsExample -->
