<?xml version="1.0" encoding="UTF-8"?>
<!-- Generated by org.testng.reporters.JUnitReportReporter -->
<testsuite skipped="0" hostname="LAPTOP-I3ABMITL" name="testNG.SuiteExample" tests="3" failures="0" timestamp="2021-04-08T11:54:33 CEST" time="4.829" errors="0">
  <testcase name="openGoogle" time="1.493" classname="testNG.SuiteExample"/>
  <system-out/>
  <testcase name="openYahoo" time="2.131" classname="testNG.SuiteExample"/>
  <system-out/>
  <testcase name="openBing" time="1.205" classname="testNG.SuiteExample"/>
  <system-out/>
</testsuite> <!-- testNG.SuiteExample -->
